[0.573s] Invoking command in '/home/ws/src/src/prm_star': PYTHONPATH=/home/ws/src/build/prm_star/prefix_override:/home/ws/src/install/prm_star/lib/python3.10/site-packages:${PYTHONPATH} /usr/bin/python3 -W ignore:setup.py install is deprecated setup.py egg_info --egg-base ../../build/prm_star build --build-base /home/ws/src/build/prm_star/build install --record /home/ws/src/build/prm_star/install.log --single-version-externally-managed install_data
[0.786s] running egg_info
[0.787s] writing ../../build/prm_star/prm_star.egg-info/PKG-INFO
[0.787s] writing dependency_links to ../../build/prm_star/prm_star.egg-info/dependency_links.txt
[0.787s] writing entry points to ../../build/prm_star/prm_star.egg-info/entry_points.txt
[0.788s] writing requirements to ../../build/prm_star/prm_star.egg-info/requires.txt
[0.788s] writing top-level names to ../../build/prm_star/prm_star.egg-info/top_level.txt
[0.790s] reading manifest file '../../build/prm_star/prm_star.egg-info/SOURCES.txt'
[0.791s] writing manifest file '../../build/prm_star/prm_star.egg-info/SOURCES.txt'
[0.792s] running build
[0.792s] running build_py
[0.792s] running install
[0.793s] running install_lib
[0.794s] running install_data
[0.794s] running install_egg_info
[0.796s] removing '/home/ws/src/install/prm_star/lib/python3.10/site-packages/prm_star-1.0.0-py3.10.egg-info' (and everything under it)
[0.797s] Copying ../../build/prm_star/prm_star.egg-info to /home/ws/src/install/prm_star/lib/python3.10/site-packages/prm_star-1.0.0-py3.10.egg-info
[0.798s] running install_scripts
[0.824s] Installing hello script to /home/ws/src/install/prm_star/lib/prm_star
[0.824s] writing list of installed files to '/home/ws/src/build/prm_star/install.log'
[0.851s] Invoked command in '/home/ws/src/src/prm_star' returned '0': PYTHONPATH=/home/ws/src/build/prm_star/prefix_override:/home/ws/src/install/prm_star/lib/python3.10/site-packages:${PYTHONPATH} /usr/bin/python3 -W ignore:setup.py install is deprecated setup.py egg_info --egg-base ../../build/prm_star build --build-base /home/ws/src/build/prm_star/build install --record /home/ws/src/build/prm_star/install.log --single-version-externally-managed install_data
