running egg_info
creating ../../build/prm_star/prm_star.egg-info
writing ../../build/prm_star/prm_star.egg-info/PKG-INFO
writing dependency_links to ../../build/prm_star/prm_star.egg-info/dependency_links.txt
writing entry points to ../../build/prm_star/prm_star.egg-info/entry_points.txt
writing requirements to ../../build/prm_star/prm_star.egg-info/requires.txt
writing top-level names to ../../build/prm_star/prm_star.egg-info/top_level.txt
writing manifest file '../../build/prm_star/prm_star.egg-info/SOURCES.txt'
reading manifest file '../../build/prm_star/prm_star.egg-info/SOURCES.txt'
writing manifest file '../../build/prm_star/prm_star.egg-info/SOURCES.txt'
running build
running build_py
creating /home/ws/src/build/prm_star/build
creating /home/ws/src/build/prm_star/build/lib
creating /home/ws/src/build/prm_star/build/lib/prm_star
copying prm_star/hello_world.py -> /home/ws/src/build/prm_star/build/lib/prm_star
copying prm_star/__init__.py -> /home/ws/src/build/prm_star/build/lib/prm_star
running install
running install_lib
creating /home/ws/src/install/prm_star/lib/python3.10/site-packages/prm_star
copying /home/ws/src/build/prm_star/build/lib/prm_star/hello_world.py -> /home/ws/src/install/prm_star/lib/python3.10/site-packages/prm_star
copying /home/ws/src/build/prm_star/build/lib/prm_star/__init__.py -> /home/ws/src/install/prm_star/lib/python3.10/site-packages/prm_star
byte-compiling /home/ws/src/install/prm_star/lib/python3.10/site-packages/prm_star/hello_world.py to hello_world.cpython-310.pyc
byte-compiling /home/ws/src/install/prm_star/lib/python3.10/site-packages/prm_star/__init__.py to __init__.cpython-310.pyc
running install_data
creating /home/ws/src/install/prm_star/share/ament_index
creating /home/ws/src/install/prm_star/share/ament_index/resource_index
creating /home/ws/src/install/prm_star/share/ament_index/resource_index/packages
copying resource/prm_star -> /home/ws/src/install/prm_star/share/ament_index/resource_index/packages
copying package.xml -> /home/ws/src/install/prm_star/share/prm_star
running install_egg_info
Copying ../../build/prm_star/prm_star.egg-info to /home/ws/src/install/prm_star/lib/python3.10/site-packages/prm_star-1.0.0-py3.10.egg-info
running install_scripts
Installing hello script to /home/ws/src/install/prm_star/lib/prm_star
writing list of installed files to '/home/ws/src/build/prm_star/install.log'
