[0.449s] Invoking command in '/home/ws/src/src/prm_star': PYTHONPATH=/home/ws/src/build/prm_star/prefix_override:/home/ws/src/install/prm_star/lib/python3.10/site-packages: /usr/bin/python3 -W ignore:setup.py install is deprecated setup.py egg_info --egg-base ../../build/prm_star build --build-base /home/ws/src/build/prm_star/build install --record /home/ws/src/build/prm_star/install.log --single-version-externally-managed install_data
[0.633s] running egg_info
[0.633s] creating ../../build/prm_star/prm_star.egg-info
[0.634s] writing ../../build/prm_star/prm_star.egg-info/PKG-INFO
[0.634s] writing dependency_links to ../../build/prm_star/prm_star.egg-info/dependency_links.txt
[0.634s] writing entry points to ../../build/prm_star/prm_star.egg-info/entry_points.txt
[0.634s] writing requirements to ../../build/prm_star/prm_star.egg-info/requires.txt
[0.634s] writing top-level names to ../../build/prm_star/prm_star.egg-info/top_level.txt
[0.634s] writing manifest file '../../build/prm_star/prm_star.egg-info/SOURCES.txt'
[0.636s] reading manifest file '../../build/prm_star/prm_star.egg-info/SOURCES.txt'
[0.637s] writing manifest file '../../build/prm_star/prm_star.egg-info/SOURCES.txt'
[0.637s] running build
[0.637s] running build_py
[0.637s] creating /home/ws/src/build/prm_star/build
[0.637s] creating /home/ws/src/build/prm_star/build/lib
[0.637s] creating /home/ws/src/build/prm_star/build/lib/prm_star
[0.637s] copying prm_star/hello_world.py -> /home/ws/src/build/prm_star/build/lib/prm_star
[0.637s] copying prm_star/__init__.py -> /home/ws/src/build/prm_star/build/lib/prm_star
[0.637s] running install
[0.638s] running install_lib
[0.639s] creating /home/ws/src/install/prm_star/lib/python3.10/site-packages/prm_star
[0.639s] copying /home/ws/src/build/prm_star/build/lib/prm_star/hello_world.py -> /home/ws/src/install/prm_star/lib/python3.10/site-packages/prm_star
[0.639s] copying /home/ws/src/build/prm_star/build/lib/prm_star/__init__.py -> /home/ws/src/install/prm_star/lib/python3.10/site-packages/prm_star
[0.639s] byte-compiling /home/ws/src/install/prm_star/lib/python3.10/site-packages/prm_star/hello_world.py to hello_world.cpython-310.pyc
[0.640s] byte-compiling /home/ws/src/install/prm_star/lib/python3.10/site-packages/prm_star/__init__.py to __init__.cpython-310.pyc
[0.640s] running install_data
[0.640s] creating /home/ws/src/install/prm_star/share/ament_index
[0.640s] creating /home/ws/src/install/prm_star/share/ament_index/resource_index
[0.640s] creating /home/ws/src/install/prm_star/share/ament_index/resource_index/packages
[0.640s] copying resource/prm_star -> /home/ws/src/install/prm_star/share/ament_index/resource_index/packages
[0.640s] copying package.xml -> /home/ws/src/install/prm_star/share/prm_star
[0.640s] running install_egg_info
[0.642s] Copying ../../build/prm_star/prm_star.egg-info to /home/ws/src/install/prm_star/lib/python3.10/site-packages/prm_star-1.0.0-py3.10.egg-info
[0.644s] running install_scripts
[0.668s] Installing hello script to /home/ws/src/install/prm_star/lib/prm_star
[0.669s] writing list of installed files to '/home/ws/src/build/prm_star/install.log'
[0.690s] Invoked command in '/home/ws/src/src/prm_star' returned '0': PYTHONPATH=/home/ws/src/build/prm_star/prefix_override:/home/ws/src/install/prm_star/lib/python3.10/site-packages: /usr/bin/python3 -W ignore:setup.py install is deprecated setup.py egg_info --egg-base ../../build/prm_star build --build-base /home/ws/src/build/prm_star/build install --record /home/ws/src/build/prm_star/install.log --single-version-externally-managed install_data
